app/build/outputs/mapping/release/seeds.txt
com.deceus.android.miscplat.ChooseImageFragment: void copyLink(android.view.View)
com.deceus.android.miscplat.MiscActivity
com.deceus.android.miscplat.MiscActivity: MiscActivity()
com.deceus.android.miscplat.MiscActivity: void pickImage(android.view.View)
com.deceus.android.miscplat.MiscActivity: void copyLink(android.view.View)
com.deceus.android.miscplat.MiscPicPagerActivity
com.deceus.android.miscplat.MiscPicPagerActivity: MiscPicPagerActivity()
com.deceus.android.miscplat.R$anim: int abc_fade_in
com.deceus.android.miscplat.R$anim: int abc_fade_out
com.deceus.android.miscplat.R$anim: int abc_grow_fade_in_from_bottom
com.deceus.android.miscplat.R$anim: int abc_popup_enter
com.deceus.android.miscplat.R$anim: int abc_popup_exit
com.deceus.android.miscplat.R$anim: int abc_shrink_fade_out_from_bottom
com.deceus.android.miscplat.R$anim: int abc_slide_in_bottom
com.deceus.android.miscplat.R$anim: int abc_slide_in_top
com.deceus.android.miscplat.R$anim: int abc_slide_out_bottom
com.deceus.android.miscplat.R$anim: int abc_slide_out_top
com.deceus.android.miscplat.R$array: int drawerMenu
com.deceus.android.miscplat.R$array: int themes
com.deceus.android.miscplat.R$attr: int actionBarDivider
com.deceus.android.miscplat.R$attr: int actionBarItemBackground
com.deceus.android.miscplat.R$attr: int actionBarPopupTheme
com.deceus.android.miscplat.R$attr: int actionBarSize
com.deceus.android.miscplat.R$attr: int actionBarSplitStyle
com.deceus.android.miscplat.R$attr: int actionBarStyle
com.deceus.android.miscplat.R$attr: int actionBarTabBarStyle
com.deceus.android.miscplat.R$attr: int actionBarTabStyle
com.deceus.android.miscplat.R$attr: int actionBarTabTextStyle
com.deceus.android.miscplat.R$attr: int actionBarTheme
com.deceus.android.miscplat.R$attr: int actionBarWidgetTheme
com.deceus.android.miscplat.R$attr: int actionButtonStyle
com.deceus.android.miscplat.R$attr: int actionDropDownStyle
com.deceus.android.miscplat.R$attr: int actionLayout
com.deceus.android.miscplat.R$attr: int actionMenuTextAppearance
com.deceus.android.miscplat.R$attr: int actionMenuTextColor
com.deceus.android.miscplat.R$attr: int actionModeBackground
com.deceus.android.miscplat.R$attr: int actionModeCloseButtonStyle
com.deceus.android.miscplat.R$attr: int actionModeCloseDrawable
com.deceus.android.miscplat.R$attr: int actionModeCopyDrawable
com.deceus.android.miscplat.R$attr: int actionModeCutDrawable
com.deceus.android.miscplat.R$attr: int actionModeFindDrawable
com.deceus.android.miscplat.R$attr: int actionModePasteDrawable
com.deceus.android.miscplat.R$attr: int actionModePopupWindowStyle
com.deceus.android.miscplat.R$bool: int abc_action_bar_embed_tabs
com.deceus.android.miscplat.R$bool: int abc_action_bar_embed_tabs_pre_jb
com.deceus.android.miscplat.R$bool: int abc_action_bar_expanded_action_views_exclusive
com.deceus.android.miscplat.R$bool: int abc_config_actionMenuItemAllCaps
com.deceus.android.miscplat.R$bool: int abc_config_allowActionMenuItemTextWithIcon
com.deceus.android.miscplat.R$bool: int abc_config_closeDialogWhenTouchOutside
com.deceus.android.miscplat.R$bool: int abc_config_showMenuShortcutsWhenKeyboardPresent
...
com.google.android.gms.panorama.R$styleable: int[] AdsAttrs
com.google.android.gms.panorama.R$styleable: int AdsAttrs_adSize
com.google.android.gms.panorama.R$styleable: int AdsAttrs_adSizes
com.google.android.gms.panorama.R$styleable: int AdsAttrs_adUnitId
com.google.android.gms.panorama.R$styleable: int[] CustomWalletTheme
com.google.android.gms.panorama.R$styleable: int CustomWalletTheme_windowTransitionStyle
com.google.android.gms.panorama.R$styleable: int[] LoadingImageView
com.google.android.gms.panorama.R$styleable: int LoadingImageView_circleCrop
com.google.android.gms.panorama.R$styleable: int LoadingImageView_imageAspectRatio
com.google.android.gms.panorama.R$styleable: int LoadingImageView_imageAspectRatioAdjust
com.google.android.gms.panorama.R$styleable: int[] MapAttrs
com.google.android.gms.panorama.R$styleable: int MapAttrs_cameraBearing
com.google.android.gms.panorama.R$styleable: int MapAttrs_cameraTargetLat
com.google.android.gms.panorama.R$styleable: int MapAttrs_cameraTargetLng
com.google.android.gms.panorama.R$styleable: int MapAttrs_cameraTilt
com.google.android.gms.panorama.R$styleable: int MapAttrs_cameraZoom
com.google.android.gms.panorama.R$styleable: int MapAttrs_liteMode
com.google.android.gms.panorama.R$styleable: int MapAttrs_mapType
com.google.android.gms.panorama.R$styleable: int MapAttrs_uiCompass
com.google.android.gms.panorama.R$styleable: int MapAttrs_uiMapToolbar
com.google.android.gms.panorama.R$styleable: int MapAttrs_uiRotateGestures
com.google.android.gms.playlog.internal.LogEvent
com.google.android.gms.playlog.internal.LogEvent: com.google.android.gms.playlog.internal.zzc CREATOR
com.google.android.gms.playlog.internal.PlayLoggerContext
com.google.android.gms.playlog.internal.PlayLoggerContext: com.google.android.gms.playlog.internal.zze CREATOR
com.google.android.gms.plus.PlusOneButton: void setOnPlusOneClickListener(com.google.android.gms.plus.PlusOneButton$OnPlusOneClickListener)
com.google.android.gms.plus.PlusOneButton: void setAnnotation(int)
com.google.android.gms.plus.PlusOneButton: void setSize(int)
com.google.android.gms.plus.PlusOneButton: void setIntent(android.content.Intent)
com.google.android.gms.plus.R$attr: int adSize
com.google.android.gms.plus.R$attr: int adSizes
com.google.android.gms.plus.R$attr: int adUnitId
com.google.android.gms.plus.R$attr: int appTheme
com.google.android.gms.plus.R$attr: int buyButtonAppearance
com.google.android.gms.plus.R$attr: int buyButtonHeight
com.google.android.gms.plus.R$attr: int buyButtonText
com.google.android.gms.plus.R$attr: int buyButtonWidth
com.google.android.gms.plus.R$attr: int cameraBearing
com.google.android.gms.plus.R$attr: int cameraTargetLat
com.google.android.gms.plus.R$attr: int cameraTargetLng
com.google.android.gms.plus.R$attr: int cameraTilt
com.google.android.gms.plus.R$attr: int cameraZoom
com.google.android.gms.plus.R$attr: int circleCrop
com.google.android.gms.plus.R$attr: int environment
com.google.android.gms.plus.R$attr: int fragmentMode
com.google.android.gms.plus.R$attr: int fragmentStyle
com.google.android.gms.plus.R$attr: int imageAspectRatio
com.google.android.gms.plus.R$attr: int imageAspectRatioAdjust
com.google.android.gms.plus.R$attr: int liteMode
com.google.android.gms.plus.R$attr: int mapType
com.google.android.gms.plus.R$attr: int maskedWalletDetailsBackground
com.google.android.gms.plus.R$attr: int maskedWalletDetailsButtonBackground
com.google.android.gms.plus.R$attr: int maskedWalletDetailsButtonTextAppearance
com.google.android.gms.plus.R$attr: int maskedWalletDetailsHeaderTextAppearance
com.google.android.gms.plus.R$attr: int maskedWalletDetailsLogoImageType