app/build/outputs/mapping/release/mapping.txt
com.deceus.android.miscplat.BitmapUtils -> com.deceus.android.miscplat.a:
    java.lang.String TAG -> a
    21:53:android.graphics.Bitmap decodeSampledBitmapFromUri(android.net.Uri,int,int,android.content.Context) -> a
    59:70:int calculateInSampleSize(android.graphics.BitmapFactory$Options,int,int) -> a
com.deceus.android.miscplat.ChooseImageFragment -> com.deceus.android.miscplat.b:
    android.graphics.Bitmap mImagePreviewBitmap -> b
    android.net.Uri mImageUri -> c
    java.lang.String mImgurUrl -> d
    com.deceus.android.miscplat.ChooseImageFragment$MyImgurUploadTask mImgurUploadTask -> e
    int mImgurUploadStatus -> f
    com.deceus.android.miscplat.MiscActivity parentAct -> a
    29:29:android.view.View onCreateView(android.view.LayoutInflater,android.view.ViewGroup,android.os.Bundle) -> a
    34:41:void onViewCreated(android.view.View,android.os.Bundle) -> a
    45:57:void onActivityCreated(android.os.Bundle) -> d
    61:65:void onSaveInstanceState(android.os.Bundle) -> e
    111:121:void setImgurUploadStatus(int) -> a
    124:134:void setImage(android.net.Uri) -> a
    142:147:void copyLink(android.view.View) -> copyLink
    17:17:com.deceus.android.miscplat.ChooseImageFragment$MyImgurUploadTask access$000(com.deceus.android.miscplat.ChooseImageFragment) -> a
    17:17:com.deceus.android.miscplat.ChooseImageFragment$MyImgurUploadTask access$002(com.deceus.android.miscplat.ChooseImageFragment,com.deceus.android.miscplat.ChooseImageFragment$MyImgurUploadTask) -> a
    17:17:java.lang.String access$102(com.deceus.android.miscplat.ChooseImageFragment,java.lang.String) -> a
    17:17:void access$200(com.deceus.android.miscplat.ChooseImageFragment,int) -> a
    17:17:java.lang.String access$100(com.deceus.android.miscplat.ChooseImageFragment) -> b
com.deceus.android.miscplat.ChooseImageFragment$MyImgurUploadTask -> com.deceus.android.miscplat.c:
    com.deceus.android.miscplat.ChooseImageFragment this$0 -> a
    73:83:void onPreExecute() -> onPreExecute
    86:107:void onPostExecute(java.lang.String) -> a
    67:67:void onPostExecute(java.lang.Object) -> onPostExecute
com.deceus.android.miscplat.Data -> com.deceus.android.miscplat.d:
    java.lang.String[] THUMB_URLS -> a
    java.lang.String[] FULL_URLS -> b
com.deceus.android.miscplat.ImgurAuthorization -> com.deceus.android.miscplat.e:
    java.lang.String TAG -> a
    com.deceus.android.miscplat.ImgurAuthorization INSTANCE -> b
    20:22:com.deceus.android.miscplat.ImgurAuthorization getInstance() -> a
    27:37:void addToHttpURLConnection(java.net.HttpURLConnection,android.content.Context) -> a
com.deceus.android.miscplat.ImgurUploadTask -> com.deceus.android.miscplat.f:
    java.lang.String TAG -> a
    android.app.Activity mActivity -> b
    android.net.Uri mImageUri -> c
    35:78:java.lang.String doInBackground(java.lang.Void[]) -> a
    83:90:int copy(java.io.InputStream,java.io.OutputStream) -> a
    94:104:java.lang.String onInput(java.io.InputStream) -> a
    17:17:java.lang.Object doInBackground(java.lang.Object[]) -> doInBackground
...
com.google.android.gms.internal.zzsa -> com.google.android.gms.c.zw:
    int[] zzbcn -> a
    long[] zzbco -> b
    float[] zzbcp -> c
    double[] zzbcq -> d
    boolean[] zzbcr -> e
    java.lang.String[] zzbcs -> f
    byte[][] zzbct -> g
    byte[] zzbcu -> h
    int zzlE(int) -> a
    int zzE(int,int) -> a
com.google.android.gms.internal.zzt -> com.google.android.gms.c.zx:
    boolean DEBUG -> a
    int zzao -> d
    int zzap -> e
    com.google.android.gms.internal.zzy zzaq -> b
    com.google.android.gms.internal.zzu zzar -> c
    com.google.android.gms.internal.zzi zza(com.google.android.gms.internal.zzk) -> a
    void zza(long,com.google.android.gms.internal.zzk,byte[],org.apache.http.StatusLine) -> a
    void zza(java.lang.String,com.google.android.gms.internal.zzk,com.google.android.gms.internal.zzr) -> a
    void zza(java.util.Map,com.google.android.gms.internal.zzb$zza) -> a
    byte[] zza(org.apache.http.HttpEntity) -> a
    java.util.Map zza(org.apache.http.Header[]) -> a
com.google.android.gms.internal.zzu -> com.google.android.gms.c.zy:
    java.util.List zzas -> b
    java.util.List zzat -> c
    int zzau -> d
    int zzav -> e
    java.util.Comparator zzaw -> a
    byte[] zzb(int) -> a
    void zza(byte[]) -> a
    void zzy() -> a
com.google.android.gms.internal.zzu$1 -> com.google.android.gms.c.zz:
    int zza(byte[],byte[]) -> a
    int compare(java.lang.Object,java.lang.Object) -> compare
com.google.android.gms.internal.zzv -> com.google.android.gms.c.aaa:
    java.util.Map zzax -> a
    long zzay -> b
    java.io.File zzaz -> c
    int zzaA -> d
    com.google.android.gms.internal.zzb$zza zza(java.lang.String) -> a
    void zza() -> a
    void zza(java.lang.String,com.google.android.gms.internal.zzb$zza) -> a
    void remove(java.lang.String) -> b
    java.lang.String zze(java.lang.String) -> d
    java.io.File zzf(java.lang.String) -> c
    void zzc(int) -> a
    void zza(java.lang.String,com.google.android.gms.internal.zzv$zza) -> a
    void removeEntry(java.lang.String) -> e
    byte[] zza(java.io.InputStream,int) -> a
    int zza(java.io.InputStream) -> e
    void zza(java.io.OutputStream,int) -> a
    int zzb(java.io.InputStream) -> a
    void zza(java.io.OutputStream,long) -> a
    long zzc(java.io.InputStream) -> b
    void zza(java.io.OutputStream,java.lang.String) -> a
    java.lang.String zzd(java.io.InputStream) -> c
    void zza(java.util.Map,java.io.OutputStream) -> a
    java.util.Map zze(java.io.InputStream) -> d
com.google.android.gms.internal.zzv$1 -> com.google.android.gms.c.aab:
com.google.android.gms.internal.zzv$zza -> com.google.android.gms.c.aac:
    long zzaB -> a
    java.lang.String key -> b
    java.lang.String zzb -> c
    long zzc -> d
    long zzd -> e
    long zze -> f
    long zzf -> g
    java.util.Map zzg -> h
    com.google.android.gms.internal.zzv$zza zzf(java.io.InputStream) -> a
    com.google.android.gms.internal.zzb$zza zzb(byte[]) -> a
    boolean zza(java.io.OutputStream) -> a
com.google.android.gms.internal.zzv$zzb -> com.google.android.gms.c.aad:
    int zzaC -> a
    int read() -> read
    int read(byte[],int,int) -> read
    int zza(com.google.android.gms.internal.zzv$zzb) -> a
com.google.android.gms.internal.zzw -> com.google.android.gms.c.aae:
    org.apache.http.client.HttpClient zzaD -> a
    void zza(org.apache.http.client.methods.HttpUriRequest,java.util.Map) -> a
    org.apache.http.HttpResponse zza(com.google.android.gms.internal.zzk,java.util.Map) -> a
    org.apache.http.client.methods.HttpUriRequest zzb(com.google.android.gms.internal.zzk,java.util.Map) -> b
    void zza(org.apache.http.client.methods.HttpEntityEnclosingRequestBase,com.google.android.gms.internal.zzk) -> a
    void zza(org.apache.http.client.methods.HttpUriRequest) -> a
com.google.android.gms.internal.zzw$zza -> com.google.android.gms.c.aaf:
    java.lang.String getMethod() -> getMethod