app/build/outputs/mapping/release/usage.txt
com.deceus.android.miscplat.BuildConfig
com.deceus.android.miscplat.ChooseImageFragment:
    137:139:private void resetFields()
com.deceus.android.miscplat.Data:
    static final java.lang.String BASE
    static final java.lang.String JPG
    static final java.lang.String GIF
    38:40:private Data()
com.deceus.android.miscplat.GalleryItem
com.deceus.android.miscplat.ImgurAuthorization:
    static final java.lang.String SHARED_PREFERENCES_NAME
com.deceus.android.miscplat.ImgurUploadTask:
    private static final java.lang.String UPLOAD_URL
com.deceus.android.miscplat.MiscActivity:
    private static final int REQ_CODE_PICK_IMAGE
    55:55:public java.util.ArrayList getPeopleToRep()
    59:59:public java.util.ArrayList getPeopleToNeg()
com.deceus.android.miscplat.MiscFragment:
    public static final java.lang.String WEBVIEW_URL
com.deceus.android.miscplat.MiscPic:
    private static final java.lang.String JSON_ID
    private static final java.lang.String JSON_TITLE
    private static final java.lang.String JSON_URL
    private static final java.lang.String JSON_TBNL_URL
com.deceus.android.miscplat.MiscPicFragment:
    public static final java.lang.String EXTRA_PIC_ID
com.deceus.android.miscplat.MiscThread:
    private static final java.lang.String JSON_TITLE
    private static final java.lang.String JSON_URL
com.deceus.android.miscplat.MyAppConstants
com.deceus.android.miscplat.NegUsers:
    private static final java.lang.String FILENAME
com.deceus.android.miscplat.PhotoGalleryFragment:
    private static final java.lang.String TAG
    android.content.Context c
com.deceus.android.miscplat.PicList:
    private static final java.lang.String FILENAME
com.deceus.android.miscplat.R
com.deceus.android.miscplat.R$anim
com.deceus.android.miscplat.R$array
com.deceus.android.miscplat.R$attr
com.deceus.android.miscplat.R$bool
com.deceus.android.miscplat.R$color
com.deceus.android.miscplat.R$dimen
com.deceus.android.miscplat.R$drawable
com.deceus.android.miscplat.R$id
com.deceus.android.miscplat.R$integer
com.deceus.android.miscplat.R$layout
com.deceus.android.miscplat.R$menu
com.deceus.android.miscplat.R$raw
com.deceus.android.miscplat.R$string
com.deceus.android.miscplat.R$style
com.deceus.android.miscplat.R$styleable
com.deceus.android.miscplat.RepUsers:
    private static final java.lang.String TAG
    private static final java.lang.String FILENAME
com.deceus.android.miscplat.SquaredImageView:
    14:15:public SquaredImageView(android.content.Context,android.util.AttributeSet)
com.deceus.android.miscplat.ThreadList:
    private static final java.lang.String TAG
    private static final java.lang.String FILENAME
com.deceus.android.miscplat.User:
    private static final java.lang.String JSON_USERNAME
    private static final java.lang.String JSON_URL
    39:40:public void setUserName(java.lang.String)
    47:48:public void setUserUrl(java.lang.String)
...
com.google.android.gms.fitness.data.Subscription$zza
com.google.android.gms.fitness.data.Value:
    public Value(int)
    public void setInt(int)
    public void setFloat(float)
    public void setString(java.lang.String)
    public void setKeyValue(java.lang.String,float)
    public void clearKey(java.lang.String)
    public void setActivity(java.lang.String)
    public java.lang.Float getKeyValue(java.lang.String)
    public java.lang.String asActivity()
com.google.android.gms.fitness.data.WorkoutExercises
com.google.android.gms.fitness.data.zzj$zza:
    public zzj$zza()
com.google.android.gms.fitness.data.zzk
com.google.android.gms.fitness.data.zzk$1
com.google.android.gms.fitness.data.zzk$zza
com.google.android.gms.fitness.internal.service.zzc
com.google.android.gms.fitness.internal.service.zzc$zza
com.google.android.gms.fitness.request.BleScanCallback
com.google.android.gms.fitness.request.ClaimBleDeviceRequest:
    public ClaimBleDeviceRequest(java.lang.String,com.google.android.gms.fitness.data.BleDevice,com.google.android.gms.internal.zznh,java.lang.String)
com.google.android.gms.fitness.request.DailyTotalRequest:
    public DailyTotalRequest(com.google.android.gms.internal.zzmr,com.google.android.gms.fitness.data.DataType,java.lang.String)
com.google.android.gms.fitness.request.DataDeleteRequest:
    private DataDeleteRequest(com.google.android.gms.fitness.request.DataDeleteRequest$Builder)
    public DataDeleteRequest(com.google.android.gms.fitness.request.DataDeleteRequest,com.google.android.gms.internal.zznh,java.lang.String)
    public DataDeleteRequest(long,long,java.util.List,java.util.List,java.util.List,boolean,boolean,com.google.android.gms.internal.zznh,java.lang.String)
    public long getStartTime(java.util.concurrent.TimeUnit)
    public long getEndTime(java.util.concurrent.TimeUnit)
    public boolean deleteAllData()
    public boolean deleteAllSessions()
    synthetic DataDeleteRequest(com.google.android.gms.fitness.request.DataDeleteRequest$Builder,com.google.android.gms.fitness.request.DataDeleteRequest$1)
com.google.android.gms.fitness.request.DataDeleteRequest$1
com.google.android.gms.fitness.request.DataDeleteRequest$Builder
com.google.android.gms.fitness.request.DataInsertRequest:
    public DataInsertRequest(com.google.android.gms.fitness.data.DataSet,com.google.android.gms.internal.zznh,java.lang.String,boolean)
com.google.android.gms.fitness.request.DataReadRequest:
    public static final int NO_LIMIT
    private DataReadRequest(com.google.android.gms.fitness.request.DataReadRequest$Builder)
    public DataReadRequest(com.google.android.gms.fitness.request.DataReadRequest,com.google.android.gms.internal.zzms,java.lang.String)
    public DataReadRequest(java.util.List,java.util.List,long,long,java.util.List,java.util.List,int,long,com.google.android.gms.fitness.data.DataSource,int,boolean,boolean,com.google.android.gms.internal.zzms,java.lang.String,java.util.List)
    public long getStartTime(java.util.concurrent.TimeUnit)
    public long getEndTime(java.util.concurrent.TimeUnit)
    public long getBucketDuration(java.util.concurrent.TimeUnit)
    synthetic DataReadRequest(com.google.android.gms.fitness.request.DataReadRequest$Builder,com.google.android.gms.fitness.request.DataReadRequest$1)
com.google.android.gms.fitness.request.DataReadRequest$1
com.google.android.gms.fitness.request.DataReadRequest$Builder
com.google.android.gms.fitness.request.DataSourcesRequest:
    private DataSourcesRequest(com.google.android.gms.fitness.request.DataSourcesRequest$Builder)
    public DataSourcesRequest(com.google.android.gms.fitness.request.DataSourcesRequest,com.google.android.gms.internal.zzmt,java.lang.String)
    public DataSourcesRequest(java.util.List,java.util.List,boolean,com.google.android.gms.internal.zzmt,java.lang.String)
    synthetic DataSourcesRequest(com.google.android.gms.fitness.request.DataSourcesRequest$Builder,com.google.android.gms.fitness.request.DataSourcesRequest$1)